<?xml version="1.0" encoding="UTF-8" ?>
<testsuite tests="3" failures="0" name="com.appiancorp.ps.function.ExecuteStoredProcedureFunctionTest" time="4.118" errors="0" skipped="0">
  <properties>
[...]
</properties>
  <testcase classname="com.appiancorp.ps.function.ExecuteStoredProcedureFunctionTest" name="testAppianTimestamp" time="2.782"/>
  <testcase classname="com.appiancorp.ps.function.ExecuteStoredProcedureFunctionTest" name="testNullableType" time="0.668"/>
  <testcase classname="com.appiancorp.ps.function.ExecuteStoredProcedureFunctionTest" name="testDataTypes" time="0.668"/>
</testsuite>